[35m[1mConsolidate compiler generated dependencies of target nav2_obstacle_warning_action_bt_node[0m
[ 50%] [32mBuilding CXX object CMakeFiles/nav2_obstacle_warning_action_bt_node.dir/src/obstacle_warning_action.cpp.o[0m
In file included from [01m[K/home/smr/ros2_self_driving_robot/src/my_nav2_behavior_tree/src/obstacle_warning_action.cpp:19[m[K:
[01m[K/home/smr/ros2_self_driving_robot/src/my_nav2_behavior_tree/include/my_nav2_behavior_tree/obstacle_warning_action.hpp:30:24:[m[K [01;31m[Kerror: [m[Kexpected template-name before â€˜[01m[K<[m[Kâ€™ token
   30 |   : public BtActionNode[01;31m[K<[m[K
      |                        [01;31m[K^[m[K
[01m[K/home/smr/ros2_self_driving_robot/src/my_nav2_behavior_tree/include/my_nav2_behavior_tree/obstacle_warning_action.hpp:30:24:[m[K [01;31m[Kerror: [m[Kexpected â€˜[01m[K{[m[Kâ€™ before â€˜[01m[K<[m[Kâ€™ token
[01m[K/home/smr/ros2_self_driving_robot/src/my_nav2_behavior_tree/include/my_nav2_behavior_tree/obstacle_warning_action.hpp:30:24:[m[K [01;31m[Kerror: [m[Kexpected unqualified-id before â€˜[01m[K<[m[Kâ€™ token
[01m[K/home/smr/ros2_self_driving_robot/src/my_nav2_behavior_tree/src/obstacle_warning_action.cpp:27:37:[m[K [01;31m[Kerror: [m[Kinvalid use of incomplete type â€˜[01m[Kclass my_nav2_behavior_tree::NotifyAction[m[Kâ€™
   27 |   const BT::NodeConfiguration & conf[01;31m[K)[m[K
      |                                     [01;31m[K^[m[K
In file included from [01m[K/home/smr/ros2_self_driving_robot/src/my_nav2_behavior_tree/src/obstacle_warning_action.cpp:19[m[K:
[01m[K/home/smr/ros2_self_driving_robot/src/my_nav2_behavior_tree/include/my_nav2_behavior_tree/obstacle_warning_action.hpp:29:7:[m[K [01;36m[Knote: [m[Kforward declaration of â€˜[01m[Kclass my_nav2_behavior_tree::NotifyAction[m[Kâ€™
   29 | class [01;36m[KNotifyAction[m[K
      |       [01;36m[K^~~~~~~~~~~~[m[K
[01m[K/home/smr/ros2_self_driving_robot/src/my_nav2_behavior_tree/src/obstacle_warning_action.cpp:33:31:[m[K [01;31m[Kerror: [m[Kinvalid use of incomplete type â€˜[01m[Kclass my_nav2_behavior_tree::NotifyAction[m[Kâ€™
   33 | void NotifyAction::initialize([01;31m[K)[m[K
      |                               [01;31m[K^[m[K
In file included from [01m[K/home/smr/ros2_self_driving_robot/src/my_nav2_behavior_tree/src/obstacle_warning_action.cpp:19[m[K:
[01m[K/home/smr/ros2_self_driving_robot/src/my_nav2_behavior_tree/include/my_nav2_behavior_tree/obstacle_warning_action.hpp:29:7:[m[K [01;36m[Knote: [m[Kforward declaration of â€˜[01m[Kclass my_nav2_behavior_tree::NotifyAction[m[Kâ€™
   29 | class [01;36m[KNotifyAction[m[K
      |       [01;36m[K^~~~~~~~~~~~[m[K
[01m[K/home/smr/ros2_self_driving_robot/src/my_nav2_behavior_tree/src/obstacle_warning_action.cpp:48:28:[m[K [01;31m[Kerror: [m[Kinvalid use of incomplete type â€˜[01m[Kclass my_nav2_behavior_tree::NotifyAction[m[Kâ€™
   48 | void NotifyAction::on_tick([01;31m[K)[m[K
      |                            [01;31m[K^[m[K
In file included from [01m[K/home/smr/ros2_self_driving_robot/src/my_nav2_behavior_tree/src/obstacle_warning_action.cpp:19[m[K:
[01m[K/home/smr/ros2_self_driving_robot/src/my_nav2_behavior_tree/include/my_nav2_behavior_tree/obstacle_warning_action.hpp:29:7:[m[K [01;36m[Knote: [m[Kforward declaration of â€˜[01m[Kclass my_nav2_behavior_tree::NotifyAction[m[Kâ€™
   29 | class [01;36m[KNotifyAction[m[K
      |       [01;36m[K^~~~~~~~~~~~[m[K
[01m[K/home/smr/ros2_self_driving_robot/src/my_nav2_behavior_tree/src/obstacle_warning_action.cpp:[m[K In function â€˜[01m[Kvoid BT_RegisterNodesFromPlugin(BT::BehaviorTreeFactory&)[m[Kâ€™:
[01m[K/home/smr/ros2_self_driving_robot/src/my_nav2_behavior_tree/src/obstacle_warning_action.cpp:66:5:[m[K [01;31m[Kerror: [m[Kconversion from â€˜[01m[KBT_RegisterNodesFromPlugin(BT::BehaviorTreeFactory&)::<lambda(const string&, const BT::NodeConfiguration&)>[m[Kâ€™ to non-scalar type â€˜[01m[KBT::NodeBuilder[m[Kâ€™ {aka â€˜[01m[Kstd::function<std::unique_ptr<BT::TreeNode>(const std::__cxx11::basic_string<char>&, const BT::NodeConfiguration&)>[m[Kâ€™} requested
   66 |     [01;31m[K}[m[K;
      |     [01;31m[K^[m[K
In file included from [01m[K/usr/include/c++/11/memory:76[m[K,
                 from [01m[K/home/smr/ros2_self_driving_robot/src/my_nav2_behavior_tree/src/obstacle_warning_action.cpp:16[m[K:
/usr/include/c++/11/bits/unique_ptr.h: In instantiation of â€˜[01m[Ktypename std::_MakeUniq<_Tp>::__single_object std::make_unique(_Args&& ...) [with _Tp = my_nav2_behavior_tree::NotifyAction; _Args = {const std::__cxx11::basic_string<char, std::char_traits<char>, std::allocator<char> >&, const char (&)[7], const BT::NodeConfiguration&}; typename std::_MakeUniq<_Tp>::__single_object = std::unique_ptr<my_nav2_behavior_tree::NotifyAction, std::default_delete<my_nav2_behavior_tree::NotifyAction> >][m[Kâ€™:
[01m[K/home/smr/ros2_self_driving_robot/src/my_nav2_behavior_tree/src/obstacle_warning_action.cpp:65:67:[m[K   required from here
[01m[K/usr/include/c++/11/bits/unique_ptr.h:962:30:[m[K [01;31m[Kerror: [m[Kinvalid use of incomplete type â€˜[01m[Kclass my_nav2_behavior_tree::NotifyAction[m[Kâ€™
  962 |     { return unique_ptr<_Tp>([01;31m[Knew _Tp(std::forward<_Args>(__args)...)[m[K); }
      |                              [01;31m[K^~~~~~~~~~~~~~~~~~~~~~~~~~~~~~~~~~~~~~~[m[K
In file included from [01m[K/home/smr/ros2_self_driving_robot/src/my_nav2_behavior_tree/src/obstacle_warning_action.cpp:19[m[K:
[01m[K/home/smr/ros2_self_driving_robot/src/my_nav2_behavior_tree/include/my_nav2_behavior_tree/obstacle_warning_action.hpp:29:7:[m[K [01;36m[Knote: [m[Kforward declaration of â€˜[01m[Kclass my_nav2_behavior_tree::NotifyAction[m[Kâ€™
   29 | class [01;36m[KNotifyAction[m[K
      |       [01;36m[K^~~~~~~~~~~~[m[K
In file included from [01m[K/usr/include/c++/11/memory:76[m[K,
                 from [01m[K/home/smr/ros2_self_driving_robot/src/my_nav2_behavior_tree/src/obstacle_warning_action.cpp:16[m[K:
/usr/include/c++/11/bits/unique_ptr.h: In instantiation of â€˜[01m[Kvoid std::default_delete<_Tp>::operator()(_Tp*) const [with _Tp = my_nav2_behavior_tree::NotifyAction][m[Kâ€™:
[01m[K/usr/include/c++/11/bits/unique_ptr.h:361:17:[m[K   required from â€˜[01m[Kstd::unique_ptr<_Tp, _Dp>::~unique_ptr() [with _Tp = my_nav2_behavior_tree::NotifyAction; _Dp = std::default_delete<my_nav2_behavior_tree::NotifyAction>][m[Kâ€™
[01m[K/home/smr/ros2_self_driving_robot/src/my_nav2_behavior_tree/src/obstacle_warning_action.cpp:65:67:[m[K   required from here
[01m[K/usr/include/c++/11/bits/unique_ptr.h:83:23:[m[K [01;31m[Kerror: [m[Kinvalid application of â€˜[01m[Ksizeof[m[Kâ€™ to incomplete type â€˜[01m[Kmy_nav2_behavior_tree::NotifyAction[m[Kâ€™
   83 |         static_assert([01;31m[Ksizeof(_Tp)[m[K>0,
      |                       [01;31m[K^~~~~~~~~~~[m[K
In file included from [01m[K/usr/include/c++/11/bits/move.h:57[m[K,
                 from [01m[K/usr/include/c++/11/bits/stl_pair.h:59[m[K,
                 from [01m[K/usr/include/c++/11/bits/stl_algobase.h:64[m[K,
                 from [01m[K/usr/include/c++/11/bits/char_traits.h:39[m[K,
                 from [01m[K/usr/include/c++/11/string:40[m[K,
                 from [01m[K/home/smr/ros2_self_driving_robot/src/my_nav2_behavior_tree/src/obstacle_warning_action.cpp:15[m[K:
/usr/include/c++/11/type_traits: In instantiation of â€˜[01m[Kstruct std::is_base_of<BT::ActionNodeBase, my_nav2_behavior_tree::NotifyAction>[m[Kâ€™:
[01m[K/opt/ros/humble/include/behaviortree_cpp_v3/behavior_tree.h:83:45:[m[K   required from â€˜[01m[KBT::NodeType BT::getType() [with T = my_nav2_behavior_tree::NotifyAction][m[Kâ€™
[01m[K/opt/ros/humble/include/behaviortree_cpp_v3/bt_factory.h:81:21:[m[K   required from â€˜[01m[KBT::TreeNodeManifest BT::CreateManifest(const string&, BT::PortsList) [with T = my_nav2_behavior_tree::NotifyAction; std::string = std::__cxx11::basic_string<char>; BT::PortsList = std::unordered_map<std::__cxx11::basic_string<char>, BT::PortInfo>][m[Kâ€™
[01m[K/opt/ros/humble/include/behaviortree_cpp_v3/bt_factory.h:269:38:[m[K   required from â€˜[01m[Kvoid BT::BehaviorTreeFactory::registerBuilder(const string&, const NodeBuilder&) [with T = my_nav2_behavior_tree::NotifyAction; std::string = std::__cxx11::basic_string<char>; BT::NodeBuilder = std::function<std::unique_ptr<BT::TreeNode>(const std::__cxx11::basic_string<char>&, const BT::NodeConfiguration&)>][m[Kâ€™
[01m[K/home/smr/ros2_self_driving_robot/src/my_nav2_behavior_tree/src/obstacle_warning_action.cpp:68:63:[m[K   required from here
[01m[K/usr/include/c++/11/type_traits:1422:38:[m[K [01;31m[Kerror: [m[Kinvalid use of incomplete type â€˜[01m[Kclass my_nav2_behavior_tree::NotifyAction[m[Kâ€™
 1422 |     : public integral_constant<bool, [01;31m[K__is_base_of(_Base, _Derived)[m[K>
      |                                      [01;31m[K^~~~~~~~~~~~~~~~~~~~~~~~~~~~~[m[K
In file included from [01m[K/home/smr/ros2_self_driving_robot/src/my_nav2_behavior_tree/src/obstacle_warning_action.cpp:19[m[K:
[01m[K/home/smr/ros2_self_driving_robot/src/my_nav2_behavior_tree/include/my_nav2_behavior_tree/obstacle_warning_action.hpp:29:7:[m[K [01;36m[Knote: [m[Kforward declaration of â€˜[01m[Kclass my_nav2_behavior_tree::NotifyAction[m[Kâ€™
   29 | class [01;36m[KNotifyAction[m[K
      |       [01;36m[K^~~~~~~~~~~~[m[K
In file included from [01m[K/opt/ros/humble/include/nav2_behavior_tree/bt_conversions.hpp:21[m[K,
                 from [01m[K/opt/ros/humble/include/nav2_behavior_tree/bt_action_node.hpp:25[m[K,
                 from [01m[K/home/smr/ros2_self_driving_robot/src/my_nav2_behavior_tree/include/my_nav2_behavior_tree/obstacle_warning_action.hpp:20[m[K,
                 from [01m[K/home/smr/ros2_self_driving_robot/src/my_nav2_behavior_tree/src/obstacle_warning_action.cpp:19[m[K:
/opt/ros/humble/include/behaviortree_cpp_v3/behavior_tree.h: In instantiation of â€˜[01m[KBT::NodeType BT::getType() [with T = my_nav2_behavior_tree::NotifyAction][m[Kâ€™:
[01m[K/opt/ros/humble/include/behaviortree_cpp_v3/bt_factory.h:81:21:[m[K   required from â€˜[01m[KBT::TreeNodeManifest BT::CreateManifest(const string&, BT::PortsList) [with T = my_nav2_behavior_tree::NotifyAction; std::string = std::__cxx11::basic_string<char>; BT::PortsList = std::unordered_map<std::__cxx11::basic_string<char>, BT::PortInfo>][m[Kâ€™
[01m[K/opt/ros/humble/include/behaviortree_cpp_v3/bt_factory.h:269:38:[m[K   required from â€˜[01m[Kvoid BT::BehaviorTreeFactory::registerBuilder(const string&, const NodeBuilder&) [with T = my_nav2_behavior_tree::NotifyAction; std::string = std::__cxx11::basic_string<char>; BT::NodeBuilder = std::function<std::unique_ptr<BT::TreeNode>(const std::__cxx11::basic_string<char>&, const BT::NodeConfiguration&)>][m[Kâ€™
[01m[K/home/smr/ros2_self_driving_robot/src/my_nav2_behavior_tree/src/obstacle_warning_action.cpp:68:63:[m[K   required from here
[01m[K/opt/ros/humble/include/behaviortree_cpp_v3/behavior_tree.h:83:45:[m[K [01;31m[Kerror: [m[Kâ€˜[01m[Kvalue[m[Kâ€™ is not a member of â€˜[01m[Kstd::is_base_of<BT::ActionNodeBase, my_nav2_behavior_tree::NotifyAction>[m[Kâ€™
   83 |     if( std::is_base_of<ActionNodeBase, T>::[01;31m[Kvalue[m[K )        return NodeType::ACTION;
      |                                             [01;31m[K^~~~~[m[K
In file included from [01m[K/usr/include/c++/11/bits/move.h:57[m[K,
                 from [01m[K/usr/include/c++/11/bits/stl_pair.h:59[m[K,
                 from [01m[K/usr/include/c++/11/bits/stl_algobase.h:64[m[K,
                 from [01m[K/usr/include/c++/11/bits/char_traits.h:39[m[K,
                 from [01m[K/usr/include/c++/11/string:40[m[K,
                 from [01m[K/home/smr/ros2_self_driving_robot/src/my_nav2_behavior_tree/src/obstacle_warning_action.cpp:15[m[K:
/usr/include/c++/11/type_traits: In instantiation of â€˜[01m[Kstruct std::is_base_of<BT::ConditionNode, my_nav2_behavior_tree::NotifyAction>[m[Kâ€™:
[01m[K/opt/ros/humble/include/behaviortree_cpp_v3/behavior_tree.h:84:44:[m[K   required from â€˜[01m[KBT::NodeType BT::getType() [with T = my_nav2_behavior_tree::NotifyAction][m[Kâ€™
[01m[K/opt/ros/humble/include/behaviortree_cpp_v3/bt_factory.h:81:21:[m[K   required from â€˜[01m[KBT::TreeNodeManifest BT::CreateManifest(const string&, BT::PortsList) [with T = my_nav2_behavior_tree::NotifyAction; std::string = std::__cxx11::basic_string<char>; BT::PortsList = std::unordered_map<std::__cxx11::basic_string<char>, BT::PortInfo>][m[Kâ€™
[01m[K/opt/ros/humble/include/behaviortree_cpp_v3/bt_factory.h:269:38:[m[K   required from â€˜[01m[Kvoid BT::BehaviorTreeFactory::registerBuilder(const string&, const NodeBuilder&) [with T = my_nav2_behavior_tree::NotifyAction; std::string = std::__cxx11::basic_string<char>; BT::NodeBuilder = std::function<std::unique_ptr<BT::TreeNode>(const std::__cxx11::basic_string<char>&, const BT::NodeConfiguration&)>][m[Kâ€™
[01m[K/home/smr/ros2_self_driving_robot/src/my_nav2_behavior_tree/src/obstacle_warning_action.cpp:68:63:[m[K   required from here
[01m[K/usr/include/c++/11/type_traits:1422:38:[m[K [01;31m[Kerror: [m[Kinvalid use of incomplete type â€˜[01m[Kclass my_nav2_behavior_tree::NotifyAction[m[Kâ€™
 1422 |     : public integral_constant<bool, [01;31m[K__is_base_of(_Base, _Derived)[m[K>
      |                                      [01;31m[K^~~~~~~~~~~~~~~~~~~~~~~~~~~~~[m[K
In file included from [01m[K/home/smr/ros2_self_driving_robot/src/my_nav2_behavior_tree/src/obstacle_warning_action.cpp:19[m[K:
[01m[K/home/smr/ros2_self_driving_robot/src/my_nav2_behavior_tree/include/my_nav2_behavior_tree/obstacle_warning_action.hpp:29:7:[m[K [01;36m[Knote: [m[Kforward declaration of â€˜[01m[Kclass my_nav2_behavior_tree::NotifyAction[m[Kâ€™
   29 | class [01;36m[KNotifyAction[m[K
      |       [01;36m[K^~~~~~~~~~~~[m[K
In file included from [01m[K/opt/ros/humble/include/nav2_behavior_tree/bt_conversions.hpp:21[m[K,
                 from [01m[K/opt/ros/humble/include/nav2_behavior_tree/bt_action_node.hpp:25[m[K,
                 from [01m[K/home/smr/ros2_self_driving_robot/src/my_nav2_behavior_tree/include/my_nav2_behavior_tree/obstacle_warning_action.hpp:20[m[K,
                 from [01m[K/home/smr/ros2_self_driving_robot/src/my_nav2_behavior_tree/src/obstacle_warning_action.cpp:19[m[K:
/opt/ros/humble/include/behaviortree_cpp_v3/behavior_tree.h: In instantiation of â€˜[01m[KBT::NodeType BT::getType() [with T = my_nav2_behavior_tree::NotifyAction][m[Kâ€™:
[01m[K/opt/ros/humble/include/behaviortree_cpp_v3/bt_factory.h:81:21:[m[K   required from â€˜[01m[KBT::TreeNodeManifest BT::CreateManifest(const string&, BT::PortsList) [with T = my_nav2_behavior_tree::NotifyAction; std::string = std::__cxx11::basic_string<char>; BT::PortsList = std::unordered_map<std::__cxx11::basic_string<char>, BT::PortInfo>][m[Kâ€™
[01m[K/opt/ros/humble/include/behaviortree_cpp_v3/bt_factory.h:269:38:[m[K   required from â€˜[01m[Kvoid BT::BehaviorTreeFactory::registerBuilder(const string&, const NodeBuilder&) [with T = my_nav2_behavior_tree::NotifyAction; std::string = std::__cxx11::basic_string<char>; BT::NodeBuilder = std::function<std::unique_ptr<BT::TreeNode>(const std::__cxx11::basic_string<char>&, const BT::NodeConfiguration&)>][m[Kâ€™
[01m[K/home/smr/ros2_self_driving_robot/src/my_nav2_behavior_tree/src/obstacle_warning_action.cpp:68:63:[m[K   required from here
[01m[K/opt/ros/humble/include/behaviortree_cpp_v3/behavior_tree.h:84:44:[m[K [01;31m[Kerror: [m[Kâ€˜[01m[Kvalue[m[Kâ€™ is not a member of â€˜[01m[Kstd::is_base_of<BT::ConditionNode, my_nav2_behavior_tree::NotifyAction>[m[Kâ€™
   84 |     if( std::is_base_of<ConditionNode, T>::[01;31m[Kvalue[m[K )         return NodeType::CONDITION;
      |                                            [01;31m[K^~~~~[m[K
In file included from [01m[K/usr/include/c++/11/bits/move.h:57[m[K,
                 from [01m[K/usr/include/c++/11/bits/stl_pair.h:59[m[K,
                 from [01m[K/usr/include/c++/11/bits/stl_algobase.h:64[m[K,
                 from [01m[K/usr/include/c++/11/bits/char_traits.h:39[m[K,
                 from [01m[K/usr/include/c++/11/string:40[m[K,
                 from [01m[K/home/smr/ros2_self_driving_robot/src/my_nav2_behavior_tree/src/obstacle_warning_action.cpp:15[m[K:
/usr/include/c++/11/type_traits: In instantiation of â€˜[01m[Kstruct std::is_base_of<BT::SubtreeNode, my_nav2_behavior_tree::NotifyAction>[m[Kâ€™:
[01m[K/opt/ros/humble/include/behaviortree_cpp_v3/behavior_tree.h:85:42:[m[K   required from â€˜[01m[KBT::NodeType BT::getType() [with T = my_nav2_behavior_tree::NotifyAction][m[Kâ€™
[01m[K/opt/ros/humble/include/behaviortree_cpp_v3/bt_factory.h:81:21:[m[K   required from â€˜[01m[KBT::TreeNodeManifest BT::CreateManifest(const string&, BT::PortsList) [with T = my_nav2_behavior_tree::NotifyAction; std::string = std::__cxx11::basic_string<char>; BT::PortsList = std::unordered_map<std::__cxx11::basic_string<char>, BT::PortInfo>][m[Kâ€™
[01m[K/opt/ros/humble/include/behaviortree_cpp_v3/bt_factory.h:269:38:[m[K   required from â€˜[01m[Kvoid BT::BehaviorTreeFactory::registerBuilder(const string&, const NodeBuilder&) [with T = my_nav2_behavior_tree::NotifyAction; std::string = std::__cxx11::basic_string<char>; BT::NodeBuilder = std::function<std::unique_ptr<BT::TreeNode>(const std::__cxx11::basic_string<char>&, const BT::NodeConfiguration&)>][m[Kâ€™
[01m[K/home/smr/ros2_self_driving_robot/src/my_nav2_behavior_tree/src/obstacle_warning_action.cpp:68:63:[m[K   required from here
[01m[K/usr/include/c++/11/type_traits:1422:38:[m[K [01;31m[Kerror: [m[Kinvalid use of incomplete type â€˜[01m[Kclass my_nav2_behavior_tree::NotifyAction[m[Kâ€™
 1422 |     : public integral_constant<bool, [01;31m[K__is_base_of(_Base, _Derived)[m[K>
      |                                      [01;31m[K^~~~~~~~~~~~~~~~~~~~~~~~~~~~~[m[K
In file included from [01m[K/home/smr/ros2_self_driving_robot/src/my_nav2_behavior_tree/src/obstacle_warning_action.cpp:19[m[K:
[01m[K/home/smr/ros2_self_driving_robot/src/my_nav2_behavior_tree/include/my_nav2_behavior_tree/obstacle_warning_action.hpp:29:7:[m[K [01;36m[Knote: [m[Kforward declaration of â€˜[01m[Kclass my_nav2_behavior_tree::NotifyAction[m[Kâ€™
   29 | class [01;36m[KNotifyAction[m[K
      |       [01;36m[K^~~~~~~~~~~~[m[K
In file included from [01m[K/opt/ros/humble/include/nav2_behavior_tree/bt_conversions.hpp:21[m[K,
                 from [01m[K/opt/ros/humble/include/nav2_behavior_tree/bt_action_node.hpp:25[m[K,
                 from [01m[K/home/smr/ros2_self_driving_robot/src/my_nav2_behavior_tree/include/my_nav2_behavior_tree/obstacle_warning_action.hpp:20[m[K,
                 from [01m[K/home/smr/ros2_self_driving_robot/src/my_nav2_behavior_tree/src/obstacle_warning_action.cpp:19[m[K:
/opt/ros/humble/include/behaviortree_cpp_v3/behavior_tree.h: In instantiation of â€˜[01m[KBT::NodeType BT::getType() [with T = my_nav2_behavior_tree::NotifyAction][m[Kâ€™:
[01m[K/opt/ros/humble/include/behaviortree_cpp_v3/bt_factory.h:81:21:[m[K   required from â€˜[01m[KBT::TreeNodeManifest BT::CreateManifest(const string&, BT::PortsList) [with T = my_nav2_behavior_tree::NotifyAction; std::string = std::__cxx11::basic_string<char>; BT::PortsList = std::unordered_map<std::__cxx11::basic_string<char>, BT::PortInfo>][m[Kâ€™
[01m[K/opt/ros/humble/include/behaviortree_cpp_v3/bt_factory.h:269:38:[m[K   required from â€˜[01m[Kvoid BT::BehaviorTreeFactory::registerBuilder(const string&, const NodeBuilder&) [with T = my_nav2_behavior_tree::NotifyAction; std::string = std::__cxx11::basic_string<char>; BT::NodeBuilder = std::function<std::unique_ptr<BT::TreeNode>(const std::__cxx11::basic_string<char>&, const BT::NodeConfiguration&)>][m[Kâ€™
[01m[K/home/smr/ros2_self_driving_robot/src/my_nav2_behavior_tree/src/obstacle_warning_action.cpp:68:63:[m[K   required from here
[01m[K/opt/ros/humble/include/behaviortree_cpp_v3/behavior_tree.h:85:42:[m[K [01;31m[Kerror: [m[Kâ€˜[01m[Kvalue[m[Kâ€™ is not a member of â€˜[01m[Kstd::is_base_of<BT::SubtreeNode, my_nav2_behavior_tree::NotifyAction>[m[Kâ€™
   85 |     if( std::is_base_of<SubtreeNode, T>::[01;31m[Kvalue[m[K )           return NodeType::SUBTREE;
      |                                          [01;31m[K^~~~~[m[K
In file included from [01m[K/usr/include/c++/11/bits/move.h:57[m[K,
                 from [01m[K/usr/include/c++/11/bits/stl_pair.h:59[m[K,
                 from [01m[K/usr/include/c++/11/bits/stl_algobase.h:64[m[K,
                 from [01m[K/usr/include/c++/11/bits/char_traits.h:39[m[K,
                 from [01m[K/usr/include/c++/11/string:40[m[K,
                 from [01m[K/home/smr/ros2_self_driving_robot/src/my_nav2_behavior_tree/src/obstacle_warning_action.cpp:15[m[K:
/usr/include/c++/11/type_traits: In instantiation of â€˜[01m[Kstruct std::is_base_of<BT::SubtreePlusNode, my_nav2_behavior_tree::NotifyAction>[m[Kâ€™:
[01m[K/opt/ros/humble/include/behaviortree_cpp_v3/behavior_tree.h:86:46:[m[K   required from â€˜[01m[KBT::NodeType BT::getType() [with T = my_nav2_behavior_tree::NotifyAction][m[Kâ€™
[01m[K/opt/ros/humble/include/behaviortree_cpp_v3/bt_factory.h:81:21:[m[K   required from â€˜[01m[KBT::TreeNodeManifest BT::CreateManifest(const string&, BT::PortsList) [with T = my_nav2_behavior_tree::NotifyAction; std::string = std::__cxx11::basic_string<char>; BT::PortsList = std::unordered_map<std::__cxx11::basic_string<char>, BT::PortInfo>][m[Kâ€™
[01m[K/opt/ros/humble/include/behaviortree_cpp_v3/bt_factory.h:269:38:[m[K   required from â€˜[01m[Kvoid BT::BehaviorTreeFactory::registerBuilder(const string&, const NodeBuilder&) [with T = my_nav2_behavior_tree::NotifyAction; std::string = std::__cxx11::basic_string<char>; BT::NodeBuilder = std::function<std::unique_ptr<BT::TreeNode>(const std::__cxx11::basic_string<char>&, const BT::NodeConfiguration&)>][m[Kâ€™
[01m[K/home/smr/ros2_self_driving_robot/src/my_nav2_behavior_tree/src/obstacle_warning_action.cpp:68:63:[m[K   required from here
[01m[K/usr/include/c++/11/type_traits:1422:38:[m[K [01;31m[Kerror: [m[Kinvalid use of incomplete type â€˜[01m[Kclass my_nav2_behavior_tree::NotifyAction[m[Kâ€™
 1422 |     : public integral_constant<bool, [01;31m[K__is_base_of(_Base, _Derived)[m[K>
      |                                      [01;31m[K^~~~~~~~~~~~~~~~~~~~~~~~~~~~~[m[K
In file included from [01m[K/home/smr/ros2_self_driving_robot/src/my_nav2_behavior_tree/src/obstacle_warning_action.cpp:19[m[K:
[01m[K/home/smr/ros2_self_driving_robot/src/my_nav2_behavior_tree/include/my_nav2_behavior_tree/obstacle_warning_action.hpp:29:7:[m[K [01;36m[Knote: [m[Kforward declaration of â€˜[01m[Kclass my_nav2_behavior_tree::NotifyAction[m[Kâ€™
   29 | class [01;36m[KNotifyAction[m[K
      |       [01;36m[K^~~~~~~~~~~~[m[K
In file included from [01m[K/opt/ros/humble/include/nav2_behavior_tree/bt_conversions.hpp:21[m[K,
                 from [01m[K/opt/ros/humble/include/nav2_behavior_tree/bt_action_node.hpp:25[m[K,
                 from [01m[K/home/smr/ros2_self_driving_robot/src/my_nav2_behavior_tree/include/my_nav2_behavior_tree/obstacle_warning_action.hpp:20[m[K,
                 from [01m[K/home/smr/ros2_self_driving_robot/src/my_nav2_behavior_tree/src/obstacle_warning_action.cpp:19[m[K:
/opt/ros/humble/include/behaviortree_cpp_v3/behavior_tree.h: In instantiation of â€˜[01m[KBT::NodeType BT::getType() [with T = my_nav2_behavior_tree::NotifyAction][m[Kâ€™:
[01m[K/opt/ros/humble/include/behaviortree_cpp_v3/bt_factory.h:81:21:[m[K   required from â€˜[01m[KBT::TreeNodeManifest BT::CreateManifest(const string&, BT::PortsList) [with T = my_nav2_behavior_tree::NotifyAction; std::string = std::__cxx11::basic_string<char>; BT::PortsList = std::unordered_map<std::__cxx11::basic_string<char>, BT::PortInfo>][m[Kâ€™
[01m[K/opt/ros/humble/include/behaviortree_cpp_v3/bt_factory.h:269:38:[m[K   required from â€˜[01m[Kvoid BT::BehaviorTreeFactory::registerBuilder(const string&, const NodeBuilder&) [with T = my_nav2_behavior_tree::NotifyAction; std::string = std::__cxx11::basic_string<char>; BT::NodeBuilder = std::function<std::unique_ptr<BT::TreeNode>(const std::__cxx11::basic_string<char>&, const BT::NodeConfiguration&)>][m[Kâ€™
[01m[K/home/smr/ros2_self_driving_robot/src/my_nav2_behavior_tree/src/obstacle_warning_action.cpp:68:63:[m[K   required from here
[01m[K/opt/ros/humble/include/behaviortree_cpp_v3/behavior_tree.h:86:46:[m[K [01;31m[Kerror: [m[Kâ€˜[01m[Kvalue[m[Kâ€™ is not a member of â€˜[01m[Kstd::is_base_of<BT::SubtreePlusNode, my_nav2_behavior_tree::NotifyAction>[m[Kâ€™
   86 |     if( std::is_base_of<SubtreePlusNode, T>::[01;31m[Kvalue[m[K )       return NodeType::SUBTREE;
      |                                              [01;31m[K^~~~~[m[K
In file included from [01m[K/usr/include/c++/11/bits/move.h:57[m[K,
                 from [01m[K/usr/include/c++/11/bits/stl_pair.h:59[m[K,
                 from [01m[K/usr/include/c++/11/bits/stl_algobase.h:64[m[K,
                 from [01m[K/usr/include/c++/11/bits/char_traits.h:39[m[K,
                 from [01m[K/usr/include/c++/11/string:40[m[K,
                 from [01m[K/home/smr/ros2_self_driving_robot/src/my_nav2_behavior_tree/src/obstacle_warning_action.cpp:15[m[K:
/usr/include/c++/11/type_traits: In instantiation of â€˜[01m[Kstruct std::is_base_of<BT::DecoratorNode, my_nav2_behavior_tree::NotifyAction>[m[Kâ€™:
[01m[K/opt/ros/humble/include/behaviortree_cpp_v3/behavior_tree.h:87:44:[m[K   required from â€˜[01m[KBT::NodeType BT::getType() [with T = my_nav2_behavior_tree::NotifyAction][m[Kâ€™
[01m[K/opt/ros/humble/include/behaviortree_cpp_v3/bt_factory.h:81:21:[m[K   required from â€˜[01m[KBT::TreeNodeManifest BT::CreateManifest(const string&, BT::PortsList) [with T = my_nav2_behavior_tree::NotifyAction; std::string = std::__cxx11::basic_string<char>; BT::PortsList = std::unordered_map<std::__cxx11::basic_string<char>, BT::PortInfo>][m[Kâ€™
[01m[K/opt/ros/humble/include/behaviortree_cpp_v3/bt_factory.h:269:38:[m[K   required from â€˜[01m[Kvoid BT::BehaviorTreeFactory::registerBuilder(const string&, const NodeBuilder&) [with T = my_nav2_behavior_tree::NotifyAction; std::string = std::__cxx11::basic_string<char>; BT::NodeBuilder = std::function<std::unique_ptr<BT::TreeNode>(const std::__cxx11::basic_string<char>&, const BT::NodeConfiguration&)>][m[Kâ€™
[01m[K/home/smr/ros2_self_driving_robot/src/my_nav2_behavior_tree/src/obstacle_warning_action.cpp:68:63:[m[K   required from here
[01m[K/usr/include/c++/11/type_traits:1422:38:[m[K [01;31m[Kerror: [m[Kinvalid use of incomplete type â€˜[01m[Kclass my_nav2_behavior_tree::NotifyAction[m[Kâ€™
 1422 |     : public integral_constant<bool, [01;31m[K__is_base_of(_Base, _Derived)[m[K>
      |                                      [01;31m[K^~~~~~~~~~~~~~~~~~~~~~~~~~~~~[m[K
In file included from [01m[K/home/smr/ros2_self_driving_robot/src/my_nav2_behavior_tree/src/obstacle_warning_action.cpp:19[m[K:
[01m[K/home/smr/ros2_self_driving_robot/src/my_nav2_behavior_tree/include/my_nav2_behavior_tree/obstacle_warning_action.hpp:29:7:[m[K [01;36m[Knote: [m[Kforward declaration of â€˜[01m[Kclass my_nav2_behavior_tree::NotifyAction[m[Kâ€™
   29 | class [01;36m[KNotifyAction[m[K
      |       [01;36m[K^~~~~~~~~~~~[m[K
In file included from [01m[K/opt/ros/humble/include/nav2_behavior_tree/bt_conversions.hpp:21[m[K,
                 from [01m[K/opt/ros/humble/include/nav2_behavior_tree/bt_action_node.hpp:25[m[K,
                 from [01m[K/home/smr/ros2_self_driving_robot/src/my_nav2_behavior_tree/include/my_nav2_behavior_tree/obstacle_warning_action.hpp:20[m[K,
                 from [01m[K/home/smr/ros2_self_driving_robot/src/my_nav2_behavior_tree/src/obstacle_warning_action.cpp:19[m[K:
/opt/ros/humble/include/behaviortree_cpp_v3/behavior_tree.h: In instantiation of â€˜[01m[KBT::NodeType BT::getType() [with T = my_nav2_behavior_tree::NotifyAction][m[Kâ€™:
[01m[K/opt/ros/humble/include/behaviortree_cpp_v3/bt_factory.h:81:21:[m[K   required from â€˜[01m[KBT::TreeNodeManifest BT::CreateManifest(const string&, BT::PortsList) [with T = my_nav2_behavior_tree::NotifyAction; std::string = std::__cxx11::basic_string<char>; BT::PortsList = std::unordered_map<std::__cxx11::basic_string<char>, BT::PortInfo>][m[Kâ€™
[01m[K/opt/ros/humble/include/behaviortree_cpp_v3/bt_factory.h:269:38:[m[K   required from â€˜[01m[Kvoid BT::BehaviorTreeFactory::registerBuilder(const string&, const NodeBuilder&) [with T = my_nav2_behavior_tree::NotifyAction; std::string = std::__cxx11::basic_string<char>; BT::NodeBuilder = std::function<std::unique_ptr<BT::TreeNode>(const std::__cxx11::basic_string<char>&, const BT::NodeConfiguration&)>][m[Kâ€™
[01m[K/home/smr/ros2_self_driving_robot/src/my_nav2_behavior_tree/src/obstacle_warning_action.cpp:68:63:[m[K   required from here
[01m[K/opt/ros/humble/include/behaviortree_cpp_v3/behavior_tree.h:87:44:[m[K [01;31m[Kerror: [m[Kâ€˜[01m[Kvalue[m[Kâ€™ is not a member of â€˜[01m[Kstd::is_base_of<BT::DecoratorNode, my_nav2_behavior_tree::NotifyAction>[m[Kâ€™
   87 |     if( std::is_base_of<DecoratorNode, T>::[01;31m[Kvalue[m[K )         return NodeType::DECORATOR;
      |                                            [01;31m[K^~~~~[m[K
In file included from [01m[K/usr/include/c++/11/bits/move.h:57[m[K,
                 from [01m[K/usr/include/c++/11/bits/stl_pair.h:59[m[K,
                 from [01m[K/usr/include/c++/11/bits/stl_algobase.h:64[m[K,
                 from [01m[K/usr/include/c++/11/bits/char_traits.h:39[m[K,
                 from [01m[K/usr/include/c++/11/string:40[m[K,
                 from [01m[K/home/smr/ros2_self_driving_robot/src/my_nav2_behavior_tree/src/obstacle_warning_action.cpp:15[m[K:
/usr/include/c++/11/type_traits: In instantiation of â€˜[01m[Kstruct std::is_base_of<BT::ControlNode, my_nav2_behavior_tree::NotifyAction>[m[Kâ€™:
[01m[K/opt/ros/humble/include/behaviortree_cpp_v3/behavior_tree.h:88:42:[m[K   required from â€˜[01m[KBT::NodeType BT::getType() [with T = my_nav2_behavior_tree::NotifyAction][m[Kâ€™
[01m[K/opt/ros/humble/include/behaviortree_cpp_v3/bt_factory.h:81:21:[m[K   required from â€˜[01m[KBT::TreeNodeManifest BT::CreateManifest(const string&, BT::PortsList) [with T = my_nav2_behavior_tree::NotifyAction; std::string = std::__cxx11::basic_string<char>; BT::PortsList = std::unordered_map<std::__cxx11::basic_string<char>, BT::PortInfo>][m[Kâ€™
[01m[K/opt/ros/humble/include/behaviortree_cpp_v3/bt_factory.h:269:38:[m[K   required from â€˜[01m[Kvoid BT::BehaviorTreeFactory::registerBuilder(const string&, const NodeBuilder&) [with T = my_nav2_behavior_tree::NotifyAction; std::string = std::__cxx11::basic_string<char>; BT::NodeBuilder = std::function<std::unique_ptr<BT::TreeNode>(const std::__cxx11::basic_string<char>&, const BT::NodeConfiguration&)>][m[Kâ€™
[01m[K/home/smr/ros2_self_driving_robot/src/my_nav2_behavior_tree/src/obstacle_warning_action.cpp:68:63:[m[K   required from here
[01m[K/usr/include/c++/11/type_traits:1422:38:[m[K [01;31m[Kerror: [m[Kinvalid use of incomplete type â€˜[01m[Kclass my_nav2_behavior_tree::NotifyAction[m[Kâ€™
 1422 |     : public integral_constant<bool, [01;31m[K__is_base_of(_Base, _Derived)[m[K>
      |                                      [01;31m[K^~~~~~~~~~~~~~~~~~~~~~~~~~~~~[m[K
In file included from [01m[K/home/smr/ros2_self_driving_robot/src/my_nav2_behavior_tree/src/obstacle_warning_action.cpp:19[m[K:
[01m[K/home/smr/ros2_self_driving_robot/src/my_nav2_behavior_tree/include/my_nav2_behavior_tree/obstacle_warning_action.hpp:29:7:[m[K [01;36m[Knote: [m[Kforward declaration of â€˜[01m[Kclass my_nav2_behavior_tree::NotifyAction[m[Kâ€™
   29 | class [01;36m[KNotifyAction[m[K
      |       [01;36m[K^~~~~~~~~~~~[m[K
In file included from [01m[K/opt/ros/humble/include/nav2_behavior_tree/bt_conversions.hpp:21[m[K,
                 from [01m[K/opt/ros/humble/include/nav2_behavior_tree/bt_action_node.hpp:25[m[K,
                 from [01m[K/home/smr/ros2_self_driving_robot/src/my_nav2_behavior_tree/include/my_nav2_behavior_tree/obstacle_warning_action.hpp:20[m[K,
                 from [01m[K/home/smr/ros2_self_driving_robot/src/my_nav2_behavior_tree/src/obstacle_warning_action.cpp:19[m[K:
/opt/ros/humble/include/behaviortree_cpp_v3/behavior_tree.h: In instantiation of â€˜[01m[KBT::NodeType BT::getType() [with T = my_nav2_behavior_tree::NotifyAction][m[Kâ€™:
[01m[K/opt/ros/humble/include/behaviortree_cpp_v3/bt_factory.h:81:21:[m[K   required from â€˜[01m[KBT::TreeNodeManifest BT::CreateManifest(const string&, BT::PortsList) [with T = my_nav2_behavior_tree::NotifyAction; std::string = std::__cxx11::basic_string<char>; BT::PortsList = std::unordered_map<std::__cxx11::basic_string<char>, BT::PortInfo>][m[Kâ€™
[01m[K/opt/ros/humble/include/behaviortree_cpp_v3/bt_factory.h:269:38:[m[K   required from â€˜[01m[Kvoid BT::BehaviorTreeFactory::registerBuilder(const string&, const NodeBuilder&) [with T = my_nav2_behavior_tree::NotifyAction; std::string = std::__cxx11::basic_string<char>; BT::NodeBuilder = std::function<std::unique_ptr<BT::TreeNode>(const std::__cxx11::basic_string<char>&, const BT::NodeConfiguration&)>][m[Kâ€™
[01m[K/home/smr/ros2_self_driving_robot/src/my_nav2_behavior_tree/src/obstacle_warning_action.cpp:68:63:[m[K   required from here
[01m[K/opt/ros/humble/include/behaviortree_cpp_v3/behavior_tree.h:88:42:[m[K [01;31m[Kerror: [m[Kâ€˜[01m[Kvalue[m[Kâ€™ is not a member of â€˜[01m[Kstd::is_base_of<BT::ControlNode, my_nav2_behavior_tree::NotifyAction>[m[Kâ€™
   88 |     if( std::is_base_of<ControlNode, T>::[01;31m[Kvalue[m[K )           return NodeType::CONTROL;
      |                                          [01;31m[K^~~~~[m[K
gmake[2]: *** [CMakeFiles/nav2_obstacle_warning_action_bt_node.dir/build.make:76: CMakeFiles/nav2_obstacle_warning_action_bt_node.dir/src/obstacle_warning_action.cpp.o] Error 1
gmake[1]: *** [CMakeFiles/Makefile2:137: CMakeFiles/nav2_obstacle_warning_action_bt_node.dir/all] Error 2
gmake: *** [Makefile:146: all] Error 2
