-- Found ament_cmake: 1.3.8 (/opt/ros/humble/share/ament_cmake/cmake)
-- Found nav2_common: 1.1.14 (/opt/ros/humble/share/nav2_common/cmake)
-- Found rclcpp: 16.0.8 (/opt/ros/humble/share/rclcpp/cmake)
-- Found rosidl_generator_c: 3.1.5 (/opt/ros/humble/share/rosidl_generator_c/cmake)
-- Found rosidl_adapter: 3.1.5 (/opt/ros/humble/share/rosidl_adapter/cmake)
-- Found rosidl_generator_cpp: 3.1.5 (/opt/ros/humble/share/rosidl_generator_cpp/cmake)
-- Using all available rosidl_typesupport_c: rosidl_typesupport_fastrtps_c;rosidl_typesupport_introspection_c
-- Using all available rosidl_typesupport_cpp: rosidl_typesupport_fastrtps_cpp;rosidl_typesupport_introspection_cpp
-- Found rmw_implementation_cmake: 6.1.1 (/opt/ros/humble/share/rmw_implementation_cmake/cmake)
-- Found rmw_fastrtps_cpp: 6.2.6 (/opt/ros/humble/share/rmw_fastrtps_cpp/cmake)
-- Using RMW implementation 'rmw_fastrtps_cpp' as default
-- Found rclcpp_action: 16.0.8 (/opt/ros/humble/share/rclcpp_action/cmake)
-- Found rclcpp_lifecycle: 16.0.8 (/opt/ros/humble/share/rclcpp_lifecycle/cmake)
-- Found geometry_msgs: 4.2.3 (/opt/ros/humble/share/geometry_msgs/cmake)
-- Found sensor_msgs: 4.2.3 (/opt/ros/humble/share/sensor_msgs/cmake)
-- Found nav2_msgs: 1.1.14 (/opt/ros/humble/share/nav2_msgs/cmake)
-- Found tf2_ros: 0.25.6 (/opt/ros/humble/share/tf2_ros/cmake)
-- Found tf2_geometry_msgs: 0.25.6 (/opt/ros/humble/share/tf2_geometry_msgs/cmake)
-- Found eigen3_cmake_module: 0.1.1 (/opt/ros/humble/share/eigen3_cmake_module/cmake)
-- Ensuring Eigen3 include directory is part of orocos-kdl CMake target
-- Found std_srvs: 4.2.3 (/opt/ros/humble/share/std_srvs/cmake)
-- Found nav2_util: 1.1.14 (/opt/ros/humble/share/nav2_util/cmake)
-- Found nav2_behavior_tree: 1.1.14 (/opt/ros/humble/share/nav2_behavior_tree/cmake)
-- Found nav2_behavior_plugin: 0.0.0 (/home/smr/ros2_self_driving_robot/install/nav2_behavior_plugin/share/nav2_behavior_plugin/cmake)
-- Found ament_lint_auto: 0.12.10 (/opt/ros/humble/share/ament_lint_auto/cmake)
-- Added test 'cppcheck' to perform static code analysis on C / C++ code
-- Configured cppcheck include dirs: /home/smr/ros2_self_driving_robot/src/my_nav2_behavior_tree/include
-- Configured cppcheck exclude dirs and/or files: 
-- Added test 'lint_cmake' to check CMake code style
-- Added test 'uncrustify' to check C / C++ code style
-- Configured uncrustify additional arguments: 
-- Added test 'xmllint' to check XML markup files
-- Configuring done
-- Generating done
-- Build files have been written to: /home/smr/ros2_self_driving_robot/build/my_nav2_behavior_tree
[ 50%] [32mBuilding CXX object CMakeFiles/nav2_obstacle_warning_action_bt_node.dir/src/obstacle_warning_action.cpp.o[0m
[01m[K/home/smr/ros2_self_driving_robot/src/my_nav2_behavior_tree/src/obstacle_warning_action.cpp:[m[K In lambda function:
[01m[K/home/smr/ros2_self_driving_robot/src/my_nav2_behavior_tree/src/obstacle_warning_action.cpp:65:31:[m[K [01;31m[Kerror: [m[Kâ€˜[01m[Kmy_nav2_behavior_tree[m[Kâ€™ was not declared in this scope; did you mean â€˜[01m[Knav2_behavior_tree[m[Kâ€™?
   65 |       return std::make_unique<[01;31m[Kmy_nav2_behavior_tree[m[K::NotifyAction>(name, "notify", config);
      |                               [01;31m[K^~~~~~~~~~~~~~~~~~~~~[m[K
      |                               [32m[Knav2_behavior_tree[m[K
[01m[K/home/smr/ros2_self_driving_robot/src/my_nav2_behavior_tree/src/obstacle_warning_action.cpp:65:19:[m[K [01;31m[Kerror: [m[Kparse error in template argument list
   65 |       return std::[01;31m[Kmake_unique<my_nav2_behavior_tree::NotifyAction>[m[K(name, "notify", config);
      |                   [01;31m[K^~~~~~~~~~~~~~~~~~~~~~~~~~~~~~~~~~~~~~~~~~~~~~~~[m[K
[01m[K/home/smr/ros2_self_driving_robot/src/my_nav2_behavior_tree/src/obstacle_warning_action.cpp:65:67:[m[K [01;31m[Kerror: [m[Kno matching function for call to â€˜[01m[Kmake_unique<<expression error> >(const string&, const char [7], const BT::NodeConfiguration&)[m[Kâ€™
   65 |       return [01;31m[Kstd::make_unique<my_nav2_behavior_tree::NotifyAction>(name, "notify", config)[m[K;
      |              [01;31m[K~~~~~~~~~~~~~~~~~~~~~~~~~~~~~~~~~~~~~~~~~~~~~~~~~~~~~^~~~~~~~~~~~~~~~~~~~~~~~[m[K
In file included from [01m[K/usr/include/c++/11/memory:76[m[K,
                 from [01m[K/home/smr/ros2_self_driving_robot/src/my_nav2_behavior_tree/src/obstacle_warning_action.cpp:16[m[K:
[01m[K/usr/include/c++/11/bits/unique_ptr.h:961:5:[m[K [01;36m[Knote: [m[Kcandidate: â€˜[01m[Ktemplate<class _Tp, class ... _Args> typename std::_MakeUniq<_Tp>::__single_object std::make_unique(_Args&& ...)[m[Kâ€™
  961 |     [01;36m[Kmake_unique[m[K(_Args&&... __args)
      |     [01;36m[K^~~~~~~~~~~[m[K
[01m[K/usr/include/c++/11/bits/unique_ptr.h:961:5:[m[K [01;36m[Knote: [m[K  template argument deduction/substitution failed:
[01m[K/home/smr/ros2_self_driving_robot/src/my_nav2_behavior_tree/src/obstacle_warning_action.cpp:65:67:[m[K [01;31m[Kerror: [m[Ktemplate argument 1 is invalid
   65 |       return [01;31m[Kstd::make_unique<my_nav2_behavior_tree::NotifyAction>(name, "notify", config)[m[K;
      |              [01;31m[K~~~~~~~~~~~~~~~~~~~~~~~~~~~~~~~~~~~~~~~~~~~~~~~~~~~~~^~~~~~~~~~~~~~~~~~~~~~~~[m[K
In file included from [01m[K/usr/include/c++/11/memory:76[m[K,
                 from [01m[K/home/smr/ros2_self_driving_robot/src/my_nav2_behavior_tree/src/obstacle_warning_action.cpp:16[m[K:
[01m[K/usr/include/c++/11/bits/unique_ptr.h:967:5:[m[K [01;36m[Knote: [m[Kcandidate: â€˜[01m[Ktemplate<class _Tp> typename std::_MakeUniq<_Tp>::__array std::make_unique(std::size_t)[m[Kâ€™
  967 |     [01;36m[Kmake_unique[m[K(size_t __num)
      |     [01;36m[K^~~~~~~~~~~[m[K
[01m[K/usr/include/c++/11/bits/unique_ptr.h:967:5:[m[K [01;36m[Knote: [m[K  template argument deduction/substitution failed:
[01m[K/home/smr/ros2_self_driving_robot/src/my_nav2_behavior_tree/src/obstacle_warning_action.cpp:65:67:[m[K [01;31m[Kerror: [m[Ktemplate argument 1 is invalid
   65 |       return [01;31m[Kstd::make_unique<my_nav2_behavior_tree::NotifyAction>(name, "notify", config)[m[K;
      |              [01;31m[K~~~~~~~~~~~~~~~~~~~~~~~~~~~~~~~~~~~~~~~~~~~~~~~~~~~~~^~~~~~~~~~~~~~~~~~~~~~~~[m[K
In file included from [01m[K/usr/include/c++/11/memory:76[m[K,
                 from [01m[K/home/smr/ros2_self_driving_robot/src/my_nav2_behavior_tree/src/obstacle_warning_action.cpp:16[m[K:
[01m[K/usr/include/c++/11/bits/unique_ptr.h:973:5:[m[K [01;36m[Knote: [m[Kcandidate: â€˜[01m[Ktemplate<class _Tp, class ... _Args> typename std::_MakeUniq<_Tp>::__invalid_type std::make_unique(_Args&& ...)[m[Kâ€™ (deleted)
  973 |     [01;36m[Kmake_unique[m[K(_Args&&...) = delete;
      |     [01;36m[K^~~~~~~~~~~[m[K
[01m[K/usr/include/c++/11/bits/unique_ptr.h:973:5:[m[K [01;36m[Knote: [m[K  template argument deduction/substitution failed:
[01m[K/home/smr/ros2_self_driving_robot/src/my_nav2_behavior_tree/src/obstacle_warning_action.cpp:65:67:[m[K [01;31m[Kerror: [m[Ktemplate argument 1 is invalid
   65 |       return [01;31m[Kstd::make_unique<my_nav2_behavior_tree::NotifyAction>(name, "notify", config)[m[K;
      |              [01;31m[K~~~~~~~~~~~~~~~~~~~~~~~~~~~~~~~~~~~~~~~~~~~~~~~~~~~~~^~~~~~~~~~~~~~~~~~~~~~~~[m[K
[01m[K/home/smr/ros2_self_driving_robot/src/my_nav2_behavior_tree/src/obstacle_warning_action.cpp:[m[K In function â€˜[01m[Kvoid BT_RegisterNodesFromPlugin(BT::BehaviorTreeFactory&)[m[Kâ€™:
[01m[K/home/smr/ros2_self_driving_robot/src/my_nav2_behavior_tree/src/obstacle_warning_action.cpp:66:5:[m[K [01;31m[Kerror: [m[Kconversion from â€˜[01m[KBT_RegisterNodesFromPlugin(BT::BehaviorTreeFactory&)::<lambda(const string&, const BT::NodeConfiguration&)>[m[Kâ€™ to non-scalar type â€˜[01m[KBT::NodeBuilder[m[Kâ€™ {aka â€˜[01m[Kstd::function<std::unique_ptr<BT::TreeNode>(const std::__cxx11::basic_string<char>&, const BT::NodeConfiguration&)>[m[Kâ€™} requested
   66 |     [01;31m[K}[m[K;
      |     [01;31m[K^[m[K
[01m[K/home/smr/ros2_self_driving_robot/src/my_nav2_behavior_tree/src/obstacle_warning_action.cpp:68:27:[m[K [01;31m[Kerror: [m[Kâ€˜[01m[Kmy_nav2_behavior_tree[m[Kâ€™ was not declared in this scope; did you mean â€˜[01m[Knav2_behavior_tree[m[Kâ€™?
   68 |   factory.registerBuilder<[01;31m[Kmy_nav2_behavior_tree[m[K::NotifyAction>("Notify", builder);
      |                           [01;31m[K^~~~~~~~~~~~~~~~~~~~~[m[K
      |                           [32m[Knav2_behavior_tree[m[K
[01m[K/home/smr/ros2_self_driving_robot/src/my_nav2_behavior_tree/src/obstacle_warning_action.cpp:68:11:[m[K [01;31m[Kerror: [m[Kparse error in template argument list
   68 |   factory.[01;31m[KregisterBuilder<my_nav2_behavior_tree::NotifyAction>[m[K("Notify", builder);
      |           [01;31m[K^~~~~~~~~~~~~~~~~~~~~~~~~~~~~~~~~~~~~~~~~~~~~~~~~~~~[m[K
[01m[K/home/smr/ros2_self_driving_robot/src/my_nav2_behavior_tree/src/obstacle_warning_action.cpp:68:63:[m[K [01;31m[Kerror: [m[Kno matching function for call to â€˜[01m[KBT::BehaviorTreeFactory::registerBuilder<<expression error> >(const char [7], BT::NodeBuilder&)[m[Kâ€™
   68 |   [01;31m[Kfactory.registerBuilder<my_nav2_behavior_tree::NotifyAction>("Notify", builder)[m[K;
      |   [01;31m[K~~~~~~~~~~~~~~~~~~~~~~~~~~~~~~~~~~~~~~~~~~~~~~~~~~~~~~~~~~~~^~~~~~~~~~~~~~~~~~~[m[K
In file included from [01m[K/home/smr/ros2_self_driving_robot/src/my_nav2_behavior_tree/src/obstacle_warning_action.cpp:59[m[K:
[01m[K/opt/ros/humble/include/behaviortree_cpp_v3/bt_factory.h:267:8:[m[K [01;36m[Knote: [m[Kcandidate: â€˜[01m[Ktemplate<class T> void BT::BehaviorTreeFactory::registerBuilder(const string&, const NodeBuilder&)[m[Kâ€™
  267 |   void [01;36m[KregisterBuilder[m[K(const std::string& ID, const NodeBuilder& builder)
      |        [01;36m[K^~~~~~~~~~~~~~~[m[K
[01m[K/opt/ros/humble/include/behaviortree_cpp_v3/bt_factory.h:267:8:[m[K [01;36m[Knote: [m[K  template argument deduction/substitution failed:
[01m[K/home/smr/ros2_self_driving_robot/src/my_nav2_behavior_tree/src/obstacle_warning_action.cpp:68:63:[m[K [01;31m[Kerror: [m[Ktemplate argument 1 is invalid
   68 |   [01;31m[Kfactory.registerBuilder<my_nav2_behavior_tree::NotifyAction>("Notify", builder)[m[K;
      |   [01;31m[K~~~~~~~~~~~~~~~~~~~~~~~~~~~~~~~~~~~~~~~~~~~~~~~~~~~~~~~~~~~~^~~~~~~~~~~~~~~~~~~[m[K
gmake[2]: *** [CMakeFiles/nav2_obstacle_warning_action_bt_node.dir/build.make:76: CMakeFiles/nav2_obstacle_warning_action_bt_node.dir/src/obstacle_warning_action.cpp.o] Error 1
gmake[1]: *** [CMakeFiles/Makefile2:137: CMakeFiles/nav2_obstacle_warning_action_bt_node.dir/all] Error 2
gmake: *** [Makefile:146: all] Error 2
