[0.059s] Invoking command in '/home/smr/ros2_self_driving_robot/build/my_nav2_behavior_tree': CMAKE_PREFIX_PATH=${CMAKE_PREFIX_PATH}:/home/smr/ros2_self_driving_robot/install/python_pkg /usr/bin/cmake /home/smr/ros2_self_driving_robot/src/my_nav2_behavior_tree -DCMAKE_INSTALL_PREFIX=/home/smr/ros2_self_driving_robot/install/my_nav2_behavior_tree
[0.565s] -- The C compiler identification is GNU 11.4.0
[0.565s] -- The CXX compiler identification is GNU 11.4.0
[0.565s] -- Detecting C compiler ABI info
[0.657s] -- Detecting C compiler ABI info - done
[0.668s] -- Check for working C compiler: /usr/bin/cc - skipped
[0.668s] -- Detecting C compile features
[0.669s] -- Detecting C compile features - done
[0.674s] -- Detecting CXX compiler ABI info
[0.883s] -- Detecting CXX compiler ABI info - done
[0.949s] -- Check for working CXX compiler: /usr/bin/c++ - skipped
[0.950s] -- Detecting CXX compile features
[0.950s] -- Detecting CXX compile features - done
[0.954s] -- Found ament_cmake: 1.3.8 (/opt/ros/humble/share/ament_cmake/cmake)
[1.524s] -- Found Python3: /usr/bin/python3 (found version "3.10.12") found components: Interpreter 
[2.021s] -- Found nav2_common: 1.1.14 (/opt/ros/humble/share/nav2_common/cmake)
[2.022s] -- Found rclcpp: 16.0.8 (/opt/ros/humble/share/rclcpp/cmake)
[2.095s] -- Found rosidl_generator_c: 3.1.5 (/opt/ros/humble/share/rosidl_generator_c/cmake)
[2.102s] -- Found rosidl_adapter: 3.1.5 (/opt/ros/humble/share/rosidl_adapter/cmake)
[2.117s] -- Found rosidl_generator_cpp: 3.1.5 (/opt/ros/humble/share/rosidl_generator_cpp/cmake)
[2.139s] -- Using all available rosidl_typesupport_c: rosidl_typesupport_fastrtps_c;rosidl_typesupport_introspection_c
[2.173s] -- Using all available rosidl_typesupport_cpp: rosidl_typesupport_fastrtps_cpp;rosidl_typesupport_introspection_cpp
[2.284s] -- Found rmw_implementation_cmake: 6.1.1 (/opt/ros/humble/share/rmw_implementation_cmake/cmake)
[2.288s] -- Found rmw_fastrtps_cpp: 6.2.6 (/opt/ros/humble/share/rmw_fastrtps_cpp/cmake)
[2.542s] -- Found OpenSSL: /usr/lib/aarch64-linux-gnu/libcrypto.so (found version "3.0.2")  
[2.633s] -- Found FastRTPS: /opt/ros/humble/include  
[2.741s] -- Using RMW implementation 'rmw_fastrtps_cpp' as default
[2.743s] -- Looking for pthread.h
[2.996s] -- Looking for pthread.h - found
[2.997s] -- Performing Test CMAKE_HAVE_LIBC_PTHREAD
[3.189s] -- Performing Test CMAKE_HAVE_LIBC_PTHREAD - Success
[3.189s] -- Found Threads: TRUE  
[3.452s] -- Found rclcpp_action: 16.0.8 (/opt/ros/humble/share/rclcpp_action/cmake)
[3.602s] -- Found rclcpp_lifecycle: 16.0.8 (/opt/ros/humble/share/rclcpp_lifecycle/cmake)
[3.679s] -- Found geometry_msgs: 4.2.3 (/opt/ros/humble/share/geometry_msgs/cmake)
[3.739s] -- Found sensor_msgs: 4.2.3 (/opt/ros/humble/share/sensor_msgs/cmake)
[3.869s] -- Found nav2_msgs: 1.1.14 (/opt/ros/humble/share/nav2_msgs/cmake)
[4.297s] -- Found tf2_ros: 0.25.6 (/opt/ros/humble/share/tf2_ros/cmake)
[4.700s] -- Found tf2_geometry_msgs: 0.25.6 (/opt/ros/humble/share/tf2_geometry_msgs/cmake)
[4.725s] -- Found eigen3_cmake_module: 0.1.1 (/opt/ros/humble/share/eigen3_cmake_module/cmake)
[4.727s] -- Found Eigen3: TRUE (found version "3.4.0") 
[4.727s] -- Ensuring Eigen3 include directory is part of orocos-kdl CMake target
[4.749s] -- Found std_srvs: 4.2.3 (/opt/ros/humble/share/std_srvs/cmake)
[4.783s] -- Found nav2_util: 1.1.14 (/opt/ros/humble/share/nav2_util/cmake)
[5.813s] -- Found nav2_behavior_tree: 1.1.14 (/opt/ros/humble/share/nav2_behavior_tree/cmake)
[10.996s] -- Setting build type to Release as none was specified.
[16.684s] -- Found ament_lint_auto: 0.12.10 (/opt/ros/humble/share/ament_lint_auto/cmake)
[17.252s] -- Added test 'cppcheck' to perform static code analysis on C / C++ code
[17.261s] -- Configured cppcheck include dirs: /home/smr/ros2_self_driving_robot/src/my_nav2_behavior_tree/include
[17.261s] -- Configured cppcheck exclude dirs and/or files: 
[17.261s] -- Added test 'lint_cmake' to check CMake code style
[17.265s] -- Added test 'uncrustify' to check C / C++ code style
[17.266s] -- Configured uncrustify additional arguments: 
[17.271s] -- Added test 'xmllint' to check XML markup files
[17.296s] -- Configuring done
[17.694s] -- Generating done
[17.705s] -- Build files have been written to: /home/smr/ros2_self_driving_robot/build/my_nav2_behavior_tree
[17.792s] Invoked command in '/home/smr/ros2_self_driving_robot/build/my_nav2_behavior_tree' returned '0': CMAKE_PREFIX_PATH=${CMAKE_PREFIX_PATH}:/home/smr/ros2_self_driving_robot/install/python_pkg /usr/bin/cmake /home/smr/ros2_self_driving_robot/src/my_nav2_behavior_tree -DCMAKE_INSTALL_PREFIX=/home/smr/ros2_self_driving_robot/install/my_nav2_behavior_tree
[17.797s] Invoking command in '/home/smr/ros2_self_driving_robot/build/my_nav2_behavior_tree': CMAKE_PREFIX_PATH=${CMAKE_PREFIX_PATH}:/home/smr/ros2_self_driving_robot/install/python_pkg /usr/bin/cmake --build /home/smr/ros2_self_driving_robot/build/my_nav2_behavior_tree -- -j8 -l8
[18.009s] [ 50%] [32mBuilding CXX object CMakeFiles/nav2_obstacle_warning_action_bt_node.dir/src/obstacle_warning_action.cpp.o[0m
[19.153s] In file included from [01m[K/home/smr/ros2_self_driving_robot/src/my_nav2_behavior_tree/src/obstacle_warning_action.cpp:19[m[K:
[19.155s] [01m[K/home/smr/ros2_self_driving_robot/src/my_nav2_behavior_tree/include/my_nav2_behavior_tree/obstacle_warning_action.hpp:21:10:[m[K [01;31m[Kfatal error: [m[Knav2_behavior_plugin/action/obstacle_warning.hpp: No such file or directory
[19.156s]    21 | #include [01;31m[K"nav2_behavior_plugin/action/obstacle_warning.hpp"[m[K
[19.156s]       |          [01;31m[K^~~~~~~~~~~~~~~~~~~~~~~~~~~~~~~~~~~~~~~~~~~~~~~~~~[m[K
[19.157s] compilation terminated.
[19.183s] gmake[2]: *** [CMakeFiles/nav2_obstacle_warning_action_bt_node.dir/build.make:76: CMakeFiles/nav2_obstacle_warning_action_bt_node.dir/src/obstacle_warning_action.cpp.o] Error 1
[19.184s] gmake[1]: *** [CMakeFiles/Makefile2:137: CMakeFiles/nav2_obstacle_warning_action_bt_node.dir/all] Error 2
[19.185s] gmake: *** [Makefile:146: all] Error 2
[19.189s] Invoked command in '/home/smr/ros2_self_driving_robot/build/my_nav2_behavior_tree' returned '2': CMAKE_PREFIX_PATH=${CMAKE_PREFIX_PATH}:/home/smr/ros2_self_driving_robot/install/python_pkg /usr/bin/cmake --build /home/smr/ros2_self_driving_robot/build/my_nav2_behavior_tree -- -j8 -l8
